<?xml version="1.0" encoding="UTF-8"?>
<testsuite name="goorm.chat.ChatApplicationTests" tests="1" skipped="0" failures="0" errors="0" timestamp="2024-06-19T16:13:10" hostname="hongjinseog-ui-MacBookPro.local" time="0.364">
  <properties/>
  <testcase name="contextLoads()" classname="goorm.chat.ChatApplicationTests" time="0.364"/>
  <system-out><![CDATA[01:13:09.220 [Test worker] INFO org.springframework.test.context.support.AnnotationConfigContextLoaderUtils -- Could not detect default configuration classes for test class [goorm.chat.ChatApplicationTests]: ChatApplicationTests does not declare any static, non-private, non-final, nested classes annotated with @Configuration.
01:13:09.254 [Test worker] INFO org.springframework.boot.test.context.SpringBootTestContextBootstrapper -- Found @SpringBootConfiguration goorm.chat.ChatApplication for test class goorm.chat.ChatApplicationTests
  .   ____          _            __ _ _
 /\\ / ___'_ __ _ _(_)_ __  __ _ \ \ \ \
( ( )\___ | '_ | '_| | '_ \/ _` | \ \ \ \
 \\/  ___)| |_)| | | | | || (_| |  ) ) ) )
  '  |____| .__|_| |_|_| |_\__, | / / / /
 =========|_|==============|___/=/_/_/_/

 :: Spring Boot ::                (v3.3.0)

2024-06-20T01:13:09.368+09:00  INFO 34699 --- [chat] [    Test worker] goorm.chat.ChatApplicationTests          : Starting ChatApplicationTests using Java 17.0.11 with PID 34699 (started by hjs in /Users/hjs/Backend/chat)
2024-06-20T01:13:09.368+09:00  INFO 34699 --- [chat] [    Test worker] goorm.chat.ChatApplicationTests          : No active profile set, falling back to 1 default profile: "default"
2024-06-20T01:13:09.702+09:00  INFO 34699 --- [chat] [    Test worker] .s.d.r.c.RepositoryConfigurationDelegate : Bootstrapping Spring Data MongoDB repositories in DEFAULT mode.
2024-06-20T01:13:09.723+09:00  INFO 34699 --- [chat] [    Test worker] .s.d.r.c.RepositoryConfigurationDelegate : Finished Spring Data repository scanning in 18 ms. Found 1 MongoDB repository interface.
KeyStore already exists, skipping generation.
2024-06-20T01:13:09.933+09:00  INFO 34699 --- [chat] [    Test worker] org.mongodb.driver.client                : MongoClient with metadata {"driver": {"name": "mongo-java-driver|sync|spring-boot", "version": "5.0.1"}, "os": {"type": "Darwin", "name": "Mac OS X", "architecture": "aarch64", "version": "14.3.1"}, "platform": "Java/Oracle Corporation/17.0.11+7-LTS-jvmci-23.0-b34"} created with settings MongoClientSettings{readPreference=primary, writeConcern=WriteConcern{w=null, wTimeout=null ms, journal=null}, retryWrites=true, retryReads=true, readConcern=ReadConcern{level=null}, credential=MongoCredential{mechanism=null, userName='root', source='admin', password=<hidden>, mechanismProperties=<hidden>}, transportSettings=null, commandListeners=[io.micrometer.core.instrument.binder.mongodb.MongoMetricsCommandListener@325162e9], codecRegistry=ProvidersCodecRegistry{codecProviders=[ValueCodecProvider{}, BsonValueCodecProvider{}, DBRefCodecProvider{}, DBObjectCodecProvider{}, DocumentCodecProvider{}, CollectionCodecProvider{}, IterableCodecProvider{}, MapCodecProvider{}, GeoJsonCodecProvider{}, GridFSFileCodecProvider{}, Jsr310CodecProvider{}, JsonObjectCodecProvider{}, BsonCodecProvider{}, EnumCodecProvider{}, com.mongodb.client.model.mql.ExpressionCodecProvider@1ee40b5c, com.mongodb.Jep395RecordCodecProvider@5c448ef, com.mongodb.KotlinCodecProvider@703e8050]}, loggerSettings=LoggerSettings{maxDocumentLength=1000}, clusterSettings={hosts=[43.203.241.172:27017], srvServiceName=mongodb, mode=SINGLE, requiredClusterType=UNKNOWN, requiredReplicaSetName='null', serverSelector='null', clusterListeners='[]', serverSelectionTimeout='30000 ms', localThreshold='15 ms'}, socketSettings=SocketSettings{connectTimeoutMS=10000, readTimeoutMS=0, receiveBufferSize=0, proxySettings=ProxySettings{host=null, port=null, username=null, password=null}}, heartbeatSocketSettings=SocketSettings{connectTimeoutMS=10000, readTimeoutMS=10000, receiveBufferSize=0, proxySettings=ProxySettings{host=null, port=null, username=null, password=null}}, connectionPoolSettings=ConnectionPoolSettings{maxSize=100, minSize=0, maxWaitTimeMS=120000, maxConnectionLifeTimeMS=0, maxConnectionIdleTimeMS=0, maintenanceInitialDelayMS=0, maintenanceFrequencyMS=60000, connectionPoolListeners=[io.micrometer.core.instrument.binder.mongodb.MongoMetricsConnectionPoolListener@49c1e294], maxConnecting=2}, serverSettings=ServerSettings{heartbeatFrequencyMS=10000, minHeartbeatFrequencyMS=500, serverListeners='[]', serverMonitorListeners='[]'}, sslSettings=SslSettings{enabled=false, invalidHostNameAllowed=false, context=null}, applicationName='null', compressorList=[], uuidRepresentation=JAVA_LEGACY, serverApi=null, autoEncryptionSettings=null, dnsClient=null, inetAddressResolver=null, contextProvider=null}
2024-06-20T01:13:09.971+09:00  INFO 34699 --- [chat] [3.241.172:27017] org.mongodb.driver.cluster               : Monitor thread successfully connected to server with description ServerDescription{address=43.203.241.172:27017, type=STANDALONE, state=CONNECTED, ok=true, minWireVersion=0, maxWireVersion=21, maxDocumentSize=16777216, logicalSessionTimeoutMinutes=30, roundTripTimeNanos=22926334}
2024-06-20T01:13:10.304+09:00  INFO 34699 --- [chat] [    Test worker] o.s.b.a.e.web.EndpointLinksResolver      : Exposing 1 endpoint beneath base path '/actuator'
2024-06-20T01:13:10.321+09:00  INFO 34699 --- [chat] [    Test worker] o.s.m.s.b.SimpleBrokerMessageHandler     : Starting...
2024-06-20T01:13:10.322+09:00  INFO 34699 --- [chat] [    Test worker] o.s.m.s.b.SimpleBrokerMessageHandler     : BrokerAvailabilityEvent[available=true, SimpleBrokerMessageHandler [org.springframework.messaging.simp.broker.DefaultSubscriptionRegistry@537451d5]]
2024-06-20T01:13:10.322+09:00  INFO 34699 --- [chat] [    Test worker] o.s.m.s.b.SimpleBrokerMessageHandler     : Started.
2024-06-20T01:13:10.330+09:00  INFO 34699 --- [chat] [    Test worker] goorm.chat.ChatApplicationTests          : Started ChatApplicationTests in 1.037 seconds (process running for 1.404)
]]></system-out>
  <system-err><![CDATA[]]></system-err>
</testsuite>
