<?xml version="1.0" encoding="UTF-8"?>
<testsuite name="goorm.spoco.SpocoApplicationTests" tests="1" skipped="0" failures="0" errors="0" timestamp="2024-06-19T13:31:32" hostname="hongjinseog-ui-MacBookPro.local" time="0.281">
  <properties/>
  <testcase name="contextLoads()" classname="goorm.spoco.SpocoApplicationTests" time="0.281"/>
  <system-out><![CDATA[22:31:29.725 [Test worker] INFO org.springframework.test.context.support.AnnotationConfigContextLoaderUtils -- Could not detect default configuration classes for test class [goorm.spoco.SpocoApplicationTests]: SpocoApplicationTests does not declare any static, non-private, non-final, nested classes annotated with @Configuration.
22:31:29.777 [Test worker] INFO org.springframework.boot.test.context.SpringBootTestContextBootstrapper -- Found @SpringBootConfiguration goorm.spoco.SpocoApplication for test class goorm.spoco.SpocoApplicationTests
  .   ____          _            __ _ _
 /\\ / ___'_ __ _ _(_)_ __  __ _ \ \ \ \
( ( )\___ | '_ | '_| | '_ \/ _` | \ \ \ \
 \\/  ___)| |_)| | | | | || (_| |  ) ) ) )
  '  |____| .__|_| |_|_| |_\__, | / / / /
 =========|_|==============|___/=/_/_/_/

 :: Spring Boot ::                (v3.3.0)

2024-06-19T22:31:29.936+09:00  INFO 22525 --- [spoco] [    Test worker] goorm.spoco.SpocoApplicationTests        : Starting SpocoApplicationTests using Java 17.0.11 with PID 22525 (started by hjs in /Users/hjs/Backend/spoco)
2024-06-19T22:31:29.937+09:00  INFO 22525 --- [spoco] [    Test worker] goorm.spoco.SpocoApplicationTests        : No active profile set, falling back to 1 default profile: "default"
2024-06-19T22:31:30.174+09:00  INFO 22525 --- [spoco] [    Test worker] .s.d.r.c.RepositoryConfigurationDelegate : Multiple Spring Data modules found, entering strict repository configuration mode
2024-06-19T22:31:30.174+09:00  INFO 22525 --- [spoco] [    Test worker] .s.d.r.c.RepositoryConfigurationDelegate : Bootstrapping Spring Data JPA repositories in DEFAULT mode.
2024-06-19T22:31:30.208+09:00  INFO 22525 --- [spoco] [    Test worker] .s.d.r.c.RepositoryConfigurationDelegate : Finished Spring Data repository scanning in 31 ms. Found 9 JPA repository interfaces.
2024-06-19T22:31:30.209+09:00  INFO 22525 --- [spoco] [    Test worker] .s.d.r.c.RepositoryConfigurationDelegate : Multiple Spring Data modules found, entering strict repository configuration mode
2024-06-19T22:31:30.209+09:00  INFO 22525 --- [spoco] [    Test worker] .s.d.r.c.RepositoryConfigurationDelegate : Bootstrapping Spring Data MongoDB repositories in DEFAULT mode.
2024-06-19T22:31:30.212+09:00  INFO 22525 --- [spoco] [    Test worker] .s.d.r.c.RepositoryConfigurationDelegate : Finished Spring Data repository scanning in 2 ms. Found 1 MongoDB repository interface.
2024-06-19T22:31:30.547+09:00  INFO 22525 --- [spoco] [    Test worker] o.hibernate.jpa.internal.util.LogHelper  : HHH000204: Processing PersistenceUnitInfo [name: default]
2024-06-19T22:31:30.572+09:00  INFO 22525 --- [spoco] [    Test worker] org.hibernate.Version                    : HHH000412: Hibernate ORM core version 6.5.2.Final
2024-06-19T22:31:30.585+09:00  INFO 22525 --- [spoco] [    Test worker] o.h.c.internal.RegionFactoryInitiator    : HHH000026: Second-level cache disabled
2024-06-19T22:31:30.708+09:00  INFO 22525 --- [spoco] [    Test worker] o.s.o.j.p.SpringPersistenceUnitInfo      : No LoadTimeWeaver setup: ignoring JPA class transformer
2024-06-19T22:31:30.720+09:00  INFO 22525 --- [spoco] [    Test worker] com.zaxxer.hikari.HikariDataSource       : HikariPool-1 - Starting...
2024-06-19T22:31:31.001+09:00  INFO 22525 --- [spoco] [    Test worker] com.zaxxer.hikari.pool.HikariPool        : HikariPool-1 - Added connection com.mysql.cj.jdbc.ConnectionImpl@6cc90398
2024-06-19T22:31:31.003+09:00  INFO 22525 --- [spoco] [    Test worker] com.zaxxer.hikari.HikariDataSource       : HikariPool-1 - Start completed.
2024-06-19T22:31:31.030+09:00  WARN 22525 --- [spoco] [    Test worker] org.hibernate.dialect.Dialect            : HHH000511: The 5.7.44 version for [org.hibernate.dialect.MySQLDialect] is no longer supported, hence certain features may not work properly. The minimum supported version is 8.0.0. Check the community dialects project for available legacy versions.
2024-06-19T22:31:31.032+09:00  WARN 22525 --- [spoco] [    Test worker] org.hibernate.orm.deprecation            : HHH90000025: MySQLDialect does not need to be specified explicitly using 'hibernate.dialect' (remove the property setting and it will be selected by default)
2024-06-19T22:31:31.534+09:00  INFO 22525 --- [spoco] [    Test worker] o.h.e.t.j.p.i.JtaPlatformInitiator       : HHH000489: No JTA platform available (set 'hibernate.transaction.jta.platform' to enable JTA platform integration)
2024-06-19T22:31:31.983+09:00  INFO 22525 --- [spoco] [    Test worker] j.LocalContainerEntityManagerFactoryBean : Initialized JPA EntityManagerFactory for persistence unit 'default'
2024-06-19T22:31:32.137+09:00  INFO 22525 --- [spoco] [    Test worker] o.s.d.j.r.query.QueryEnhancerFactory     : Hibernate is in classpath; If applicable, HQL parser will be used.
2024-06-19T22:31:32.559+09:00  INFO 22525 --- [spoco] [    Test worker] org.mongodb.driver.client                : MongoClient with metadata {"driver": {"name": "mongo-java-driver|sync|spring-boot", "version": "5.0.1"}, "os": {"type": "Darwin", "name": "Mac OS X", "architecture": "aarch64", "version": "14.3.1"}, "platform": "Java/Oracle Corporation/17.0.11+7-LTS-jvmci-23.0-b34"} created with settings MongoClientSettings{readPreference=primary, writeConcern=WriteConcern{w=null, wTimeout=null ms, journal=null}, retryWrites=true, retryReads=true, readConcern=ReadConcern{level=null}, credential=MongoCredential{mechanism=null, userName='root', source='admin', password=<hidden>, mechanismProperties=<hidden>}, transportSettings=null, commandListeners=[], codecRegistry=ProvidersCodecRegistry{codecProviders=[ValueCodecProvider{}, BsonValueCodecProvider{}, DBRefCodecProvider{}, DBObjectCodecProvider{}, DocumentCodecProvider{}, CollectionCodecProvider{}, IterableCodecProvider{}, MapCodecProvider{}, GeoJsonCodecProvider{}, GridFSFileCodecProvider{}, Jsr310CodecProvider{}, JsonObjectCodecProvider{}, BsonCodecProvider{}, EnumCodecProvider{}, com.mongodb.client.model.mql.ExpressionCodecProvider@7cb9295f, com.mongodb.Jep395RecordCodecProvider@2b6282bb, com.mongodb.KotlinCodecProvider@8e654f7]}, loggerSettings=LoggerSettings{maxDocumentLength=1000}, clusterSettings={hosts=[43.203.241.172:27017], srvServiceName=mongodb, mode=SINGLE, requiredClusterType=UNKNOWN, requiredReplicaSetName='null', serverSelector='null', clusterListeners='[]', serverSelectionTimeout='30000 ms', localThreshold='15 ms'}, socketSettings=SocketSettings{connectTimeoutMS=10000, readTimeoutMS=0, receiveBufferSize=0, proxySettings=ProxySettings{host=null, port=null, username=null, password=null}}, heartbeatSocketSettings=SocketSettings{connectTimeoutMS=10000, readTimeoutMS=10000, receiveBufferSize=0, proxySettings=ProxySettings{host=null, port=null, username=null, password=null}}, connectionPoolSettings=ConnectionPoolSettings{maxSize=100, minSize=0, maxWaitTimeMS=120000, maxConnectionLifeTimeMS=0, maxConnectionIdleTimeMS=0, maintenanceInitialDelayMS=0, maintenanceFrequencyMS=60000, connectionPoolListeners=[], maxConnecting=2}, serverSettings=ServerSettings{heartbeatFrequencyMS=10000, minHeartbeatFrequencyMS=500, serverListeners='[]', serverMonitorListeners='[]'}, sslSettings=SslSettings{enabled=false, invalidHostNameAllowed=false, context=null}, applicationName='null', compressorList=[], uuidRepresentation=JAVA_LEGACY, serverApi=null, autoEncryptionSettings=null, dnsClient=null, inetAddressResolver=null, contextProvider=null}
2024-06-19T22:31:32.594+09:00  INFO 22525 --- [spoco] [3.241.172:27017] org.mongodb.driver.cluster               : Monitor thread successfully connected to server with description ServerDescription{address=43.203.241.172:27017, type=STANDALONE, state=CONNECTED, ok=true, minWireVersion=0, maxWireVersion=21, maxDocumentSize=16777216, logicalSessionTimeoutMinutes=30, roundTripTimeNanos=24364250}
2024-06-19T22:31:32.691+09:00  WARN 22525 --- [spoco] [    Test worker] JpaBaseConfiguration$JpaWebConfiguration : spring.jpa.open-in-view is enabled by default. Therefore, database queries may be performed during view rendering. Explicitly configure spring.jpa.open-in-view to disable this warning
2024-06-19T22:31:32.701+09:00  INFO 22525 --- [spoco] [    Test worker] r$InitializeUserDetailsManagerConfigurer : Global AuthenticationManager configured with UserDetailsService bean with name spocoUserDetailsService
2024-06-19T22:31:32.823+09:00  INFO 22525 --- [spoco] [    Test worker] o.s.s.web.DefaultSecurityFilterChain     : Will secure any request with [org.springframework.security.web.session.DisableEncodeUrlFilter@2407f1a8, org.springframework.security.web.context.request.async.WebAsyncManagerIntegrationFilter@2fc94125, org.springframework.security.web.context.SecurityContextHolderFilter@7d9f0cf4, org.springframework.security.web.header.HeaderWriterFilter@104861ff, org.springframework.web.filter.CorsFilter@626e3b18, org.springframework.security.web.authentication.logout.LogoutFilter@3b8adbda, goorm.spoco.global.common.auth.JwtAuthFilter@a29aced, org.springframework.security.web.savedrequest.RequestCacheAwareFilter@6fcd767a, org.springframework.security.web.servletapi.SecurityContextHolderAwareRequestFilter@7d5ef93e, org.springframework.security.web.authentication.AnonymousAuthenticationFilter@113886b1, org.springframework.security.web.session.SessionManagementFilter@ce15aa, org.springframework.security.web.access.ExceptionTranslationFilter@28908c04, org.springframework.security.web.access.intercept.AuthorizationFilter@7bce016c]
2024-06-19T22:31:32.971+09:00  INFO 22525 --- [spoco] [    Test worker] goorm.spoco.SpocoApplicationTests        : Started SpocoApplicationTests in 3.124 seconds (process running for 3.62)
]]></system-out>
  <system-err><![CDATA[]]></system-err>
</testsuite>
